[1D20:33B8][2022-07-01T15:34:39]i001: Burn v3.10.4.4718, Windows v10.0 (Build 19043: Service Pack 0), path: C:\Users\om\AppData\Local\Temp\{3C795A7C-CE65-4C75-BD7F-67C5830836AC}\.cr\VC_redist.x64 (2).exe
[1D20:33B8][2022-07-01T15:34:39]i009: Command Line: '"-burn.clean.room=C:\Users\om\Downloads\VC_redist.x64 (2).exe" -burn.filehandle.attached=468 -burn.filehandle.self=552'
[1D20:33B8][2022-07-01T15:34:39]i000: Setting string variable 'WixBundleOriginalSource' to value 'C:\Users\om\Downloads\VC_redist.x64 (2).exe'
[1D20:33B8][2022-07-01T15:34:39]i000: Setting string variable 'WixBundleOriginalSourceFolder' to value 'C:\Users\om\Downloads\'
[1D20:33B8][2022-07-01T15:34:40]i000: Setting string variable 'WixBundleLog' to value 'C:\Users\om\AppData\Local\Temp\dd_vcredist_amd64_20220701153440.log'
[1D20:33B8][2022-07-01T15:34:40]i000: Setting string variable 'WixBundleName' to value 'Microsoft Visual C++ 2015-2019 Redistributable (x64) - 14.29.30139'
[1D20:33B8][2022-07-01T15:34:40]i000: Setting string variable 'WixBundleManufacturer' to value 'Microsoft Corporation'
[1D20:1AC8][2022-07-01T15:34:40]i000: Setting version variable 'WixBundleFileVersion' to value '14.29.30139.0'
[1D20:33B8][2022-07-01T15:34:40]i100: Detect begin, 11 packages
[1D20:33B8][2022-07-01T15:34:40]i000: Setting string variable 'Arm64_Check' to value 'AMD64'
[1D20:33B8][2022-07-01T15:34:40]i000: Setting version variable 'windows_uCRT_DetectKey' to value '10.0.19041.789'
[1D20:33B8][2022-07-01T15:34:40]i000: Setting numeric variable 'windows_uCRT_DetectKeyExists' to value 1
[1D20:33B8][2022-07-01T15:34:40]i102: Detected related bundle: {57a73df6-4ba9-4c1d-bbbb-517289ff6c13}, type: Upgrade, scope: PerMachine, version: 14.30.30704.0, operation: Downgrade
[1D20:33B8][2022-07-01T15:34:40]i052: Condition '(VersionNT = v6.3 AND NOT VersionNT64) AND (windows_uCRT_DetectKeyExists AND windows_uCRT_DetectKey >= v10.0.10240.0)' evaluates to false.
[1D20:33B8][2022-07-01T15:34:40]i052: Condition '(VersionNT = v6.3 AND VersionNT64) AND (windows_uCRT_DetectKeyExists AND windows_uCRT_DetectKey >= v10.0.10240.0)' evaluates to false.
[1D20:33B8][2022-07-01T15:34:40]i052: Condition '(VersionNT = v6.2 AND NOT VersionNT64) AND (windows_uCRT_DetectKeyExists AND windows_uCRT_DetectKey >= v10.0.10240.0)' evaluates to false.
[1D20:33B8][2022-07-01T15:34:40]i052: Condition '(VersionNT = v6.2 AND VersionNT64) AND (windows_uCRT_DetectKeyExists AND windows_uCRT_DetectKey >= v10.0.10240.0)' evaluates to false.
[1D20:33B8][2022-07-01T15:34:40]i052: Condition '(VersionNT = v6.1 AND NOT VersionNT64) AND (windows_uCRT_DetectKeyExists AND windows_uCRT_DetectKey >= v10.0.10240.0)' evaluates to false.
[1D20:33B8][2022-07-01T15:34:40]i052: Condition '(VersionNT = v6.1 AND VersionNT64) AND (windows_uCRT_DetectKeyExists AND windows_uCRT_DetectKey >= v10.0.10240.0)' evaluates to false.
[1D20:33B8][2022-07-01T15:34:40]i052: Condition '(VersionNT = v6.0 AND NOT VersionNT64) AND (windows_uCRT_DetectKeyExists AND windows_uCRT_DetectKey >= v10.0.10240.0)' evaluates to false.
[1D20:33B8][2022-07-01T15:34:40]i052: Condition '(VersionNT = v6.0 AND VersionNT64) AND (windows_uCRT_DetectKeyExists AND windows_uCRT_DetectKey >= v10.0.10240.0)' evaluates to false.
[1D20:33B8][2022-07-01T15:34:40]i103: Detected related package: {662A0088-6FCD-45DD-9EA7-68674058AED5}, scope: PerMachine, version: 14.30.30704.0, language: 0 operation: Downgrade
[1D20:33B8][2022-07-01T15:34:40]i103: Detected related package: {6DB765A8-05AF-49A1-A71D-6F645EE3CE41}, scope: PerMachine, version: 14.30.30704.0, language: 0 operation: Downgrade
[1D20:33B8][2022-07-01T15:34:40]i101: Detected package: Windows81_x86, state: Absent, cached: None
[1D20:33B8][2022-07-01T15:34:40]i101: Detected package: Windows81_x64, state: Absent, cached: None
[1D20:33B8][2022-07-01T15:34:40]i101: Detected package: Windows8_x86, state: Absent, cached: None
[1D20:33B8][2022-07-01T15:34:40]i101: Detected package: Windows8_x64, state: Absent, cached: None
[1D20:33B8][2022-07-01T15:34:40]i101: Detected package: Windows7_MSU_x86, state: Absent, cached: None
[1D20:33B8][2022-07-01T15:34:40]i101: Detected package: Windows7_MSU_x64, state: Absent, cached: None
[1D20:33B8][2022-07-01T15:34:40]i101: Detected package: WindowsVista_MSU_x86, state: Absent, cached: None
[1D20:33B8][2022-07-01T15:34:40]i101: Detected package: WindowsVista_MSU_x64, state: Absent, cached: None
[1D20:33B8][2022-07-01T15:34:40]i101: Detected package: vcRuntimeMinimum_x64, state: Obsolete, cached: None
[1D20:33B8][2022-07-01T15:34:40]i101: Detected package: vcRuntimeAdditional_x64, state: Obsolete, cached: None
[1D20:33B8][2022-07-01T15:34:40]i101: Detected package: vcRuntime_arm64, state: Absent, cached: None
[1D20:33B8][2022-07-01T15:34:40]i052: Condition 'VersionNT64 >= v6.0 OR (VersionNT64 = v5.2 AND ServicePackLevel >= 1)' evaluates to true.
[1D20:33B8][2022-07-01T15:34:40]i199: Detect complete, result: 0x0
[1D20:1AC8][2022-07-01T15:34:44]i000: Setting numeric variable 'EulaAcceptCheckbox' to value 1
